{
  "RSpec": {
    "coverage": {
      "/Users/himaleetailor/Documents/8th_Light/tic_tac_toe_ruby/spec/board_spec.rb": [
        1,
        null,
        1,
        null,
        1,
        10,
        10,
        10,
        null,
        null,
        3,
        null,
        1,
        1,
        null,
        null,
        1,
        1,
        1,
        1,
        null,
        null,
        1,
        1,
        1,
        1,
        null,
        null,
        1,
        1,
        null,
        null,
        1,
        1,
        null,
        null,
        1,
        1,
        null,
        null,
        1,
        1,
        null,
        null,
        1,
        1,
        1,
        null,
        null,
        1,
        1,
        1,
        null,
        null,
        1,
        1,
        1,
        null,
        null
      ],
      "/Users/himaleetailor/Documents/8th_Light/tic_tac_toe_ruby/lib/board.rb": [
        1,
        null,
        1,
        null,
        1,
        null,
        1,
        33,
        33,
        null,
        null,
        1,
        44,
        null,
        null,
        1,
        50,
        null,
        null,
        1,
        550,
        550,
        null,
        null,
        1,
        2280,
        null,
        null,
        1,
        1140,
        null,
        null,
        1,
        1140,
        1140,
        1140,
        1140,
        1140,
        null,
        null,
        1,
        35,
        null,
        null,
        1,
        8786,
        null,
        null,
        1,
        10,
        18,
        5,
        null,
        null,
        null,
        1,
        377,
        null,
        null,
        1,
        2497,
        null,
        null,
        1,
        3350,
        null,
        null,
        1,
        null,
        1,
        600,
        null,
        null,
        1,
        2280,
        2280,
        6840,
        6840,
        null,
        2280,
        null,
        null,
        1,
        6840,
        null,
        null,
        1,
        1139,
        1139,
        1139,
        1139,
        1139,
        null,
        null,
        1,
        24890,
        null,
        null
      ],
      "/Users/himaleetailor/Documents/8th_Light/tic_tac_toe_ruby/spec/computer_player_random_spec.rb": [
        1,
        1,
        1,
        1,
        1,
        1,
        1,
        null,
        1,
        null,
        1,
        2,
        2,
        2,
        2,
        2,
        null,
        null,
        1,
        1,
        null,
        null,
        1,
        1,
        1,
        1,
        1,
        1,
        1,
        1,
        1,
        1,
        null,
        null
      ],
      "/Users/himaleetailor/Documents/8th_Light/tic_tac_toe_ruby/lib/player.rb": [
        1,
        null,
        1,
        null,
        1,
        25,
        25,
        25,
        null,
        null
      ],
      "/Users/himaleetailor/Documents/8th_Light/tic_tac_toe_ruby/lib/computer_player_random.rb": [
        1,
        null,
        1,
        3,
        null,
        null
      ],
      "/Users/himaleetailor/Documents/8th_Light/tic_tac_toe_ruby/lib/validator.rb": [
        1,
        null,
        1,
        1,
        null,
        1,
        13,
        null,
        null,
        1,
        36,
        null,
        null,
        1,
        5,
        null,
        null,
        1,
        5,
        null,
        null
      ],
      "/Users/himaleetailor/Documents/8th_Light/tic_tac_toe_ruby/lib/message.rb": [
        1,
        null,
        1,
        6,
        null,
        null,
        1,
        34,
        null,
        null,
        1,
        2,
        null,
        null,
        1,
        1,
        null,
        null,
        1,
        2,
        null,
        null,
        1,
        4,
        null,
        null,
        1,
        4,
        null,
        null
      ],
      "/Users/himaleetailor/Documents/8th_Light/tic_tac_toe_ruby/lib/display.rb": [
        1,
        null,
        1,
        14,
        14,
        14,
        null,
        null,
        1,
        37,
        37,
        333,
        37,
        296,
        74,
        222,
        0,
        null,
        222,
        null,
        37,
        null,
        null,
        1,
        74,
        74,
        null,
        null,
        1,
        6,
        null,
        null,
        1,
        34,
        null,
        null,
        1,
        30,
        30,
        4,
        4,
        null,
        30,
        null,
        null,
        1,
        2,
        2,
        3,
        3,
        null,
        2,
        null,
        null,
        1,
        2,
        2,
        3,
        3,
        null,
        2,
        null,
        null,
        1,
        2,
        null,
        null,
        1,
        1,
        null,
        null,
        1,
        2,
        null,
        null,
        1,
        4,
        null,
        null,
        1,
        39,
        null,
        null,
        1,
        4,
        null,
        null,
        1,
        null,
        1,
        5,
        null,
        null
      ],
      "/Users/himaleetailor/Documents/8th_Light/tic_tac_toe_ruby/lib/console.rb": [
        1,
        1,
        19,
        19,
        null,
        null,
        1,
        91,
        null,
        null,
        1,
        45,
        null,
        null
      ],
      "/Users/himaleetailor/Documents/8th_Light/tic_tac_toe_ruby/spec/console_spec.rb": [
        1,
        null,
        1,
        null,
        1,
        2,
        null,
        null,
        1,
        1,
        1,
        1,
        1,
        null,
        null,
        1,
        1,
        1,
        1,
        null,
        null
      ],
      "/Users/himaleetailor/Documents/8th_Light/tic_tac_toe_ruby/spec/display_spec.rb": [
        1,
        1,
        1,
        1,
        null,
        1,
        null,
        1,
        3,
        3,
        3,
        3,
        null,
        null,
        1,
        1,
        1,
        1,
        1,
        null,
        null,
        1,
        1,
        1,
        1,
        1,
        null,
        null,
        1,
        1,
        1,
        1,
        1,
        null,
        null
      ],
      "/Users/himaleetailor/Documents/8th_Light/tic_tac_toe_ruby/spec/human_player_spec.rb": [
        1,
        1,
        1,
        1,
        1,
        null,
        1,
        null,
        1,
        1,
        1,
        1,
        1,
        null,
        null,
        1,
        1,
        1,
        1,
        1,
        1,
        null,
        null
      ],
      "/Users/himaleetailor/Documents/8th_Light/tic_tac_toe_ruby/lib/human_player.rb": [
        1,
        null,
        1,
        30,
        null,
        null
      ],
      "/Users/himaleetailor/Documents/8th_Light/tic_tac_toe_ruby/spec/integration/game_spec.rb": [
        1,
        1,
        1,
        1,
        1,
        1,
        1,
        1,
        null,
        1,
        null,
        1,
        4,
        4,
        4,
        4,
        4,
        null,
        null,
        1,
        1,
        1,
        1,
        1,
        1,
        1,
        1,
        1,
        null,
        null,
        1,
        1,
        1,
        1,
        1,
        1,
        1,
        1,
        null,
        null,
        1,
        1,
        1,
        1,
        1,
        1,
        1,
        1,
        null,
        null,
        null,
        1,
        1,
        1,
        1,
        1,
        1,
        1,
        1,
        1,
        1,
        1,
        1,
        1,
        1,
        1,
        1,
        1,
        null,
        null,
        null
      ],
      "/Users/himaleetailor/Documents/8th_Light/tic_tac_toe_ruby/lib/game.rb": [
        1,
        null,
        1,
        null,
        1,
        5,
        5,
        5,
        null,
        null,
        1,
        5,
        5,
        5,
        5,
        null,
        null,
        1,
        null,
        1,
        5,
        null,
        null,
        1,
        5,
        null,
        null,
        1,
        5,
        30,
        30,
        30,
        30,
        30,
        null,
        null,
        null,
        1,
        60,
        null,
        null,
        1,
        30,
        null,
        null,
        1,
        5,
        2,
        3,
        1,
        null,
        2,
        null,
        null,
        null
      ],
      "/Users/himaleetailor/Documents/8th_Light/tic_tac_toe_ruby/lib/mark.rb": [
        1,
        1,
        1,
        null
      ],
      "/Users/himaleetailor/Documents/8th_Light/tic_tac_toe_ruby/spec/negamax_spec.rb": [
        1,
        1,
        1,
        1,
        1,
        1,
        1,
        null,
        1,
        null,
        1,
        7,
        7,
        null,
        null,
        1,
        1,
        1,
        1,
        null,
        null,
        1,
        1,
        1,
        null,
        null,
        1,
        1,
        1,
        null,
        null,
        1,
        1,
        1,
        null,
        null,
        1,
        1,
        1,
        null,
        null,
        1,
        1,
        1,
        null,
        null,
        null,
        1,
        1,
        1,
        1,
        null,
        null,
        null
      ],
      "/Users/himaleetailor/Documents/8th_Light/tic_tac_toe_ruby/lib/negamax.rb": [
        1,
        null,
        1,
        7,
        null,
        null,
        1,
        557,
        498,
        296,
        550,
        550,
        550,
        null,
        846,
        846,
        296,
        7,
        289,
        289,
        null,
        null,
        null,
        1,
        550,
        284,
        null,
        266,
        null,
        null,
        null
      ],
      "/Users/himaleetailor/Documents/8th_Light/tic_tac_toe_ruby/spec/player_factory_spec.rb": [
        1,
        null,
        1,
        null,
        1,
        3,
        3,
        3,
        3,
        3,
        null,
        null,
        1,
        1,
        1,
        1,
        null,
        null,
        1,
        1,
        1,
        1,
        null,
        null,
        1,
        1,
        1,
        1,
        null,
        null
      ],
      "/Users/himaleetailor/Documents/8th_Light/tic_tac_toe_ruby/lib/player_factory.rb": [
        1,
        null,
        1,
        1,
        1,
        1,
        1,
        1,
        null,
        1,
        7,
        null,
        3,
        null,
        2,
        null,
        2,
        null,
        0,
        null,
        0,
        null,
        0,
        null,
        null,
        null
      ],
      "/Users/himaleetailor/Documents/8th_Light/tic_tac_toe_ruby/spec/session_spec.rb": [
        1,
        1,
        1,
        null,
        1,
        1,
        1,
        1,
        1,
        1,
        1,
        1,
        1,
        1,
        1,
        1,
        1,
        1,
        1,
        null,
        null
      ],
      "/Users/himaleetailor/Documents/8th_Light/tic_tac_toe_ruby/lib/session.rb": [
        1,
        null,
        1,
        null,
        1,
        1,
        1,
        null,
        null,
        1,
        1,
        1,
        1,
        null,
        null,
        1,
        null,
        1,
        1,
        1,
        1,
        0,
        null,
        null,
        null
      ],
      "/Users/himaleetailor/Documents/8th_Light/tic_tac_toe_ruby/lib/game_mode.rb": [
        1,
        null,
        1,
        1,
        null,
        null,
        1,
        1,
        1,
        null,
        null
      ],
      "/Users/himaleetailor/Documents/8th_Light/tic_tac_toe_ruby/lib/game_factory.rb": [
        1,
        null,
        1,
        1,
        1,
        1,
        1,
        null,
        null,
        1,
        1,
        1,
        1,
        1,
        null,
        null,
        1,
        null,
        1,
        1,
        null,
        null,
        1,
        1,
        null,
        null
      ],
      "/Users/himaleetailor/Documents/8th_Light/tic_tac_toe_ruby/spec/validator_spec.rb": [
        1,
        null,
        1,
        null,
        1,
        2,
        2,
        null,
        null,
        1,
        1,
        null,
        null,
        1,
        1,
        1,
        null,
        null
      ]
    },
    "timestamp": 1534242299
  }
}
